<?xml version="1.0" encoding="UTF-8"?>
<!-- Generated by org.testng.reporters.JUnitXMLReporter -->
<testsuite ignored="0" hostname="DESKTOP-NQ83CF5" failures="0" tests="6" name="Default test" time="43.572" errors="0" timestamp="2024-04-15T12:54:16 IST">
  <testcase classname="tests.CompareImage1" name="testComparePageScreenshot" time="1.437"/>
  <testcase classname="tests.CompareImage1" name="validatingForDifferentElemnt" time="0.973"/>
  <testcase classname="tests.CompareImage1" name="validatingForDifferentElemnt2" time="1.546"/>
  <testcase classname="tests.CompareImage1" name="validatingForDifferentPages" time="1.054"/>
  <testcase classname="tests.CompareImage1" name="validatingForSameElements" time="0.615"/>
  <testcase classname="tests.CompareImage1" name="validatingForSameScreenshot" time="0.267"/>
</testsuite> <!-- Default test -->
