<?xml version="1.0" encoding="UTF-8"?>
<!-- Generated by org.testng.reporters.JUnitXMLReporter -->
<testsuite ignored="0" hostname="DESKTOP-NQ83CF5" failures="0" tests="7" name="Default test" time="37.638" errors="0" timestamp="2024-04-18T14:42:32 IST">
  <testcase classname="tests.CompareImage1" name="testComparePageusingRefrenceImage" time="1.833"/>
  <testcase classname="tests.CompareImage1" name="test_forDiff2AndFullPage" time="0.861"/>
  <testcase classname="tests.CompareImage1" name="validatingForComparisonbetweenBaseImageAndActionElement" time="0.562"/>
  <testcase classname="tests.CompareImage1" name="validatingForDifferentElemnt" time="0.875"/>
  <testcase classname="tests.CompareImage1" name="validatingForDifferentPages" time="1.127"/>
  <testcase classname="tests.CompareImage1" name="validatingForSameElements" time="0.416"/>
  <testcase classname="tests.CompareImage1" name="validatingForSameScreenshot" time="0.27"/>
</testsuite> <!-- Default test -->
