<?xml version="1.0" encoding="UTF-8"?>
<!-- Generated by org.testng.reporters.JUnitXMLReporter -->
<testsuite ignored="0" hostname="DESKTOP-NQ83CF5" failures="0" tests="8" name="ChromeTest" time="141.322" errors="0" timestamp="2024-04-17T15:17:01 IST">
  <testcase classname="tests.CompareImage1" name="testComparePageusingRefrenceImage" time="2.516"/>
  <testcase classname="tests.CompareImage1" name="test_forDiff2AndFullPage" time="1.235"/>
  <testcase classname="tests.CompareImage1" name="validatingForComparisonbetweenBaseImageAndActionElement" time="0.795"/>
  <testcase classname="tests.CompareImage1" name="validatingForDifferentElemnt" time="1.041"/>
  <testcase classname="tests.CompareImage1" name="validatingForDifferentPages" time="1.225"/>
  <testcase classname="tests.CompareImage1" name="validatingForSameElements" time="0.544"/>
  <testcase classname="tests.CompareImage1" name="validatingForSameScreenshot" time="0.379"/>
  <testcase classname="tests.CompareUsingWebDrivers" name="compareImages" time="0.213"/>
</testsuite> <!-- ChromeTest -->
