<?xml version="1.0" encoding="UTF-8"?>
<!-- Generated by org.testng.reporters.JUnitXMLReporter -->
<testsuite ignored="0" hostname="DESKTOP-NQ83CF5" failures="0" tests="7" name="ChromeTest" time="34.404" errors="0" timestamp="2024-04-18T14:43:59 IST">
  <testcase classname="tests.CompareImage1" name="testComparePageusingRefrenceImage" time="1.812"/>
  <testcase classname="tests.CompareImage1" name="test_forDiff2AndFullPage" time="0.846"/>
  <testcase classname="tests.CompareImage1" name="validatingForComparisonbetweenBaseImageAndActionElement" time="0.524"/>
  <testcase classname="tests.CompareImage1" name="validatingForDifferentElemnt" time="0.848"/>
  <testcase classname="tests.CompareImage1" name="validatingForDifferentPages" time="1.118"/>
  <testcase classname="tests.CompareImage1" name="validatingForSameElements" time="0.396"/>
  <testcase classname="tests.CompareImage1" name="validatingForSameScreenshot" time="0.253"/>
</testsuite> <!-- ChromeTest -->
