<?xml version="1.0" encoding="UTF-8"?>
<!-- Generated by org.testng.reporters.JUnitXMLReporter -->
<testsuite ignored="0" hostname="DESKTOP-NQ83CF5" failures="0" tests="3" name="EdgeTest" time="35.903" errors="0" timestamp="2024-04-17T15:15:16 IST">
  <testcase classname="appTests.AppTest" name="acceptsANewTodo" time="0.411"/>
  <testcase classname="appTests.AppTest" name="letsYouCheckOffATodo" time="1.188"/>
  <testcase classname="appTests.AppTest" name="loadsHomePage" time="0.024"/>
</testsuite> <!-- EdgeTest -->
