<?xml version="1.0" encoding="UTF-8"?>
<testng-results ignored="0" total="8" passed="8" failed="0" skipped="0">
  <reporter-output>
  </reporter-output>
  <suite started-at="2024-04-18T14:43:25 IST" name="Parallel Test Suite" finished-at="2024-04-18T14:43:59 IST" duration-ms="34404">
    <groups>
    </groups>
    <test started-at="2024-04-18T14:43:25 IST" name="EdgeTest" finished-at="2024-04-18T14:43:31 IST" duration-ms="5924">
      <class name="tests.CompareUsingWebDrivers">
        <test-method is-config="true" signature="setUpMethod(java.lang.String)[pri:0, instance:tests.CompareUsingWebDrivers@5a5a729f]" started-at="2024-04-18T14:43:25 IST" name="setUpMethod" finished-at="2024-04-18T14:43:30 IST" duration-ms="5386" status="PASS">
          <params>
            <param index="0">
              <value>
                <![CDATA[chrome]]>
              </value>
            </param>
          </params>
          <reporter-output>
          </reporter-output>
        </test-method> <!-- setUpMethod -->
        <test-method signature="compareImages()[pri:0, instance:tests.CompareUsingWebDrivers@5a5a729f]" started-at="2024-04-18T14:43:30 IST" name="compareImages" finished-at="2024-04-18T14:43:31 IST" duration-ms="461" status="PASS">
          <reporter-output>
          </reporter-output>
        </test-method> <!-- compareImages -->
        <test-method is-config="true" signature="tearUp()[pri:0, instance:tests.CompareUsingWebDrivers@5a5a729f]" started-at="2024-04-18T14:43:31 IST" name="tearUp" finished-at="2024-04-18T14:43:31 IST" duration-ms="1" status="PASS">
          <reporter-output>
          </reporter-output>
        </test-method> <!-- tearUp -->
      </class> <!-- tests.CompareUsingWebDrivers -->
    </test> <!-- EdgeTest -->
    <test started-at="2024-04-18T14:43:25 IST" name="ChromeTest" finished-at="2024-04-18T14:43:59 IST" duration-ms="34404">
      <class name="tests.CompareImage1">
        <test-method is-config="true" signature="setUpMethod(java.lang.String)[pri:0, instance:tests.CompareImage1@2b40ff9c]" started-at="2024-04-18T14:43:25 IST" name="setUpMethod" finished-at="2024-04-18T14:43:30 IST" duration-ms="4856" status="PASS">
          <params>
            <param index="0">
              <value>
                <![CDATA[edge]]>
              </value>
            </param>
          </params>
          <reporter-output>
          </reporter-output>
        </test-method> <!-- setUpMethod -->
        <test-method signature="testComparePageusingRefrenceImage()[pri:0, instance:tests.CompareImage1@2b40ff9c]" started-at="2024-04-18T14:43:30 IST" name="testComparePageusingRefrenceImage" finished-at="2024-04-18T14:43:31 IST" duration-ms="1812" status="PASS">
          <reporter-output>
          </reporter-output>
        </test-method> <!-- testComparePageusingRefrenceImage -->
        <test-method is-config="true" signature="tearUp()[pri:0, instance:tests.CompareImage1@2b40ff9c]" started-at="2024-04-18T14:43:31 IST" name="tearUp" finished-at="2024-04-18T14:43:33 IST" duration-ms="1215" status="PASS">
          <reporter-output>
          </reporter-output>
        </test-method> <!-- tearUp -->
        <test-method is-config="true" signature="setUpMethod(java.lang.String)[pri:0, instance:tests.CompareImage1@2b40ff9c]" started-at="2024-04-18T14:43:33 IST" name="setUpMethod" finished-at="2024-04-18T14:43:35 IST" duration-ms="2500" status="PASS">
          <params>
            <param index="0">
              <value>
                <![CDATA[edge]]>
              </value>
            </param>
          </params>
          <reporter-output>
          </reporter-output>
        </test-method> <!-- setUpMethod -->
        <test-method signature="test_forDiff2AndFullPage()[pri:0, instance:tests.CompareImage1@2b40ff9c]" started-at="2024-04-18T14:43:35 IST" name="test_forDiff2AndFullPage" finished-at="2024-04-18T14:43:36 IST" duration-ms="846" status="PASS">
          <reporter-output>
          </reporter-output>
        </test-method> <!-- test_forDiff2AndFullPage -->
        <test-method is-config="true" signature="tearUp()[pri:0, instance:tests.CompareImage1@2b40ff9c]" started-at="2024-04-18T14:43:36 IST" name="tearUp" finished-at="2024-04-18T14:43:37 IST" duration-ms="1205" status="PASS">
          <reporter-output>
          </reporter-output>
        </test-method> <!-- tearUp -->
        <test-method is-config="true" signature="setUpMethod(java.lang.String)[pri:0, instance:tests.CompareImage1@2b40ff9c]" started-at="2024-04-18T14:43:37 IST" name="setUpMethod" finished-at="2024-04-18T14:43:40 IST" duration-ms="2482" status="PASS">
          <params>
            <param index="0">
              <value>
                <![CDATA[edge]]>
              </value>
            </param>
          </params>
          <reporter-output>
          </reporter-output>
        </test-method> <!-- setUpMethod -->
        <test-method signature="validatingForComparisonbetweenBaseImageAndActionElement()[pri:0, instance:tests.CompareImage1@2b40ff9c]" started-at="2024-04-18T14:43:40 IST" name="validatingForComparisonbetweenBaseImageAndActionElement" finished-at="2024-04-18T14:43:40 IST" duration-ms="524" status="PASS">
          <reporter-output>
          </reporter-output>
        </test-method> <!-- validatingForComparisonbetweenBaseImageAndActionElement -->
        <test-method is-config="true" signature="tearUp()[pri:0, instance:tests.CompareImage1@2b40ff9c]" started-at="2024-04-18T14:43:40 IST" name="tearUp" finished-at="2024-04-18T14:43:41 IST" duration-ms="1195" status="PASS">
          <reporter-output>
          </reporter-output>
        </test-method> <!-- tearUp -->
        <test-method is-config="true" signature="setUpMethod(java.lang.String)[pri:0, instance:tests.CompareImage1@2b40ff9c]" started-at="2024-04-18T14:43:41 IST" name="setUpMethod" finished-at="2024-04-18T14:43:44 IST" duration-ms="2498" status="PASS">
          <params>
            <param index="0">
              <value>
                <![CDATA[edge]]>
              </value>
            </param>
          </params>
          <reporter-output>
          </reporter-output>
        </test-method> <!-- setUpMethod -->
        <test-method signature="validatingForDifferentElemnt()[pri:0, instance:tests.CompareImage1@2b40ff9c]" started-at="2024-04-18T14:43:44 IST" name="validatingForDifferentElemnt" finished-at="2024-04-18T14:43:45 IST" duration-ms="848" status="PASS">
          <reporter-output>
          </reporter-output>
        </test-method> <!-- validatingForDifferentElemnt -->
        <test-method is-config="true" signature="tearUp()[pri:0, instance:tests.CompareImage1@2b40ff9c]" started-at="2024-04-18T14:43:45 IST" name="tearUp" finished-at="2024-04-18T14:43:46 IST" duration-ms="1226" status="PASS">
          <reporter-output>
          </reporter-output>
        </test-method> <!-- tearUp -->
        <test-method is-config="true" signature="setUpMethod(java.lang.String)[pri:0, instance:tests.CompareImage1@2b40ff9c]" started-at="2024-04-18T14:43:46 IST" name="setUpMethod" finished-at="2024-04-18T14:43:48 IST" duration-ms="2486" status="PASS">
          <params>
            <param index="0">
              <value>
                <![CDATA[edge]]>
              </value>
            </param>
          </params>
          <reporter-output>
          </reporter-output>
        </test-method> <!-- setUpMethod -->
        <test-method signature="validatingForDifferentPages()[pri:0, instance:tests.CompareImage1@2b40ff9c]" started-at="2024-04-18T14:43:48 IST" name="validatingForDifferentPages" finished-at="2024-04-18T14:43:50 IST" duration-ms="1118" status="PASS">
          <reporter-output>
          </reporter-output>
        </test-method> <!-- validatingForDifferentPages -->
        <test-method is-config="true" signature="tearUp()[pri:0, instance:tests.CompareImage1@2b40ff9c]" started-at="2024-04-18T14:43:50 IST" name="tearUp" finished-at="2024-04-18T14:43:51 IST" duration-ms="1213" status="PASS">
          <reporter-output>
          </reporter-output>
        </test-method> <!-- tearUp -->
        <test-method is-config="true" signature="setUpMethod(java.lang.String)[pri:0, instance:tests.CompareImage1@2b40ff9c]" started-at="2024-04-18T14:43:51 IST" name="setUpMethod" finished-at="2024-04-18T14:43:53 IST" duration-ms="2640" status="PASS">
          <params>
            <param index="0">
              <value>
                <![CDATA[edge]]>
              </value>
            </param>
          </params>
          <reporter-output>
          </reporter-output>
        </test-method> <!-- setUpMethod -->
        <test-method signature="validatingForSameElements()[pri:0, instance:tests.CompareImage1@2b40ff9c]" started-at="2024-04-18T14:43:53 IST" name="validatingForSameElements" finished-at="2024-04-18T14:43:54 IST" duration-ms="396" status="PASS">
          <reporter-output>
          </reporter-output>
        </test-method> <!-- validatingForSameElements -->
        <test-method is-config="true" signature="tearUp()[pri:0, instance:tests.CompareImage1@2b40ff9c]" started-at="2024-04-18T14:43:54 IST" name="tearUp" finished-at="2024-04-18T14:43:55 IST" duration-ms="1207" status="PASS">
          <reporter-output>
          </reporter-output>
        </test-method> <!-- tearUp -->
        <test-method is-config="true" signature="setUpMethod(java.lang.String)[pri:0, instance:tests.CompareImage1@2b40ff9c]" started-at="2024-04-18T14:43:55 IST" name="setUpMethod" finished-at="2024-04-18T14:43:58 IST" duration-ms="2567" status="PASS">
          <params>
            <param index="0">
              <value>
                <![CDATA[edge]]>
              </value>
            </param>
          </params>
          <reporter-output>
          </reporter-output>
        </test-method> <!-- setUpMethod -->
        <test-method signature="validatingForSameScreenshot()[pri:0, instance:tests.CompareImage1@2b40ff9c]" started-at="2024-04-18T14:43:58 IST" name="validatingForSameScreenshot" finished-at="2024-04-18T14:43:58 IST" duration-ms="253" status="PASS">
          <reporter-output>
          </reporter-output>
        </test-method> <!-- validatingForSameScreenshot -->
        <test-method is-config="true" signature="tearUp()[pri:0, instance:tests.CompareImage1@2b40ff9c]" started-at="2024-04-18T14:43:58 IST" name="tearUp" finished-at="2024-04-18T14:43:59 IST" duration-ms="1211" status="PASS">
          <reporter-output>
          </reporter-output>
        </test-method> <!-- tearUp -->
      </class> <!-- tests.CompareImage1 -->
    </test> <!-- ChromeTest -->
  </suite> <!-- Parallel Test Suite -->
</testng-results>
